15:16:12 ------------------------------------------- Analysis Started -------------------------------------------
15:16:12 Measurement folder:300um_UIRAD_253_250317_Laser2333
15:16:12 Number of bins:25
15:16:12 Graph size for integration:0.500000
15:16:12 Filter intensity:5.000000
15:16:12 Curve sensitivity:300.000000
15:16:12 Median discard percentage:30.000000
15:16:12 Reading file:  300um_UIRAD_-400_253_250317_Laser2333
15:16:12 Terminal voltage oscilloscope:  50
15:16:12 Number of events per file:  200
15:16:12 Date:  250317
15:16:12 Points per event:  1250
15:16:12 Time between points:  8e-11
15:16:12 Start time:  8e-11
15:16:12 Number of channels: 1
15:16:12 Num. of U:  -
15:16:12 Voltage:  -400
15:16:12 Current:  6.182577e-08
15:16:12 Temperature:  253
15:16:12 ************************* 
15:16:12 Sample:  300um_UIRAD
15:16:12 User:  Leena, Marie, Max
15:16:12 Comment:  
15:16:12 ************************* 
15:16:12 1 waveforms discarded
15:16:12 Pedestal: 0.7104410943606924
15:16:12 Reading file:  300um_UIRAD_-500_253_250317_Laser2333
15:16:12 Terminal voltage oscilloscope:  50
15:16:12 Number of events per file:  200
15:16:12 Date:  250317
15:16:12 Points per event:  1250
15:16:12 Time between points:  8e-11
15:16:12 Start time:  8e-11
15:16:12 Number of channels: 1
15:16:12 Num. of U:  -
15:16:12 Voltage:  -500
15:16:12 Current:  0.0001049614
15:16:12 Temperature:  253
15:16:12 ************************* 
15:16:12 Sample:  300um_UIRAD
15:16:12 User:  Leena, Marie, Max
15:16:12 Comment:  
15:16:12 ************************* 
15:16:12 1 waveforms discarded
15:16:12 Pedestal: 0.5380234505862648
15:16:12 Reading file:  300um_UIRAD_-600_253_250317_Laser2333
15:16:12 Terminal voltage oscilloscope:  50
15:16:12 Number of events per file:  200
15:16:12 Date:  250317
15:16:12 Points per event:  1250
15:16:12 Time between points:  8e-11
15:16:12 Start time:  8e-11
15:16:12 Number of channels: 1
15:16:12 Num. of U:  -
15:16:12 Voltage:  -600
15:16:12 Current:  2.180745e-08
15:16:12 Temperature:  253
15:16:12 ************************* 
15:16:12 Sample:  300um_UIRAD
15:16:12 User:  Leena, Marie, Max
15:16:12 Comment:  
15:16:12 ************************* 
15:16:12 1 waveforms discarded
15:16:12 Pedestal: 0.7486320491345617
15:16:12 Reading file:  300um_UIRAD_-700_253_250317_Laser2333
15:16:12 Terminal voltage oscilloscope:  50
15:16:12 Number of events per file:  200
15:16:12 Date:  250317
15:16:12 Points per event:  1250
15:16:12 Time between points:  8e-11
15:16:12 Start time:  8e-11
15:16:12 Number of channels: 1
15:16:12 Num. of U:  -
15:16:12 Voltage:  -700
15:16:12 Current:  -0.000104985
15:16:12 Temperature:  253
15:16:12 ************************* 
15:16:12 Sample:  300um_UIRAD
15:16:12 User:  Leena, Marie, Max
15:16:12 Comment:  
15:16:12 ************************* 
15:16:12 1 waveforms discarded
15:16:12 Pedestal: 0.8225572305974315
